<?xml version="1.0" encoding="UTF-8"?>
<!-- Generated by org.testng.reporters.JUnitReportReporter -->
<testsuite hostname="DESKTOP-U7KGGEJ" failures="0" tests="1" name="scripts.TestCase2" time="8.160" errors="0" timestamp="2022-05-03T19:40:39 IST" skipped="0">
  <testcase classname="scripts.TestCase2" name="tc2" time="8.160"/>
  <system-out/>
</testsuite> <!-- scripts.TestCase2 -->
