<?xml version="1.0" encoding="UTF-8"?>
<!-- Generated by org.testng.reporters.JUnitReportReporter -->
<testsuite hostname="DESKTOP-U7KGGEJ" failures="0" tests="1" name="scripts.TestCase3" time="9.327" errors="0" timestamp="2022-05-03T19:40:39 IST" skipped="0">
  <testcase classname="scripts.TestCase3" name="tc3" time="9.327"/>
  <system-out/>
</testsuite> <!-- scripts.TestCase3 -->
