<?xml version="1.0" encoding="UTF-8"?>
<!-- Generated by org.testng.reporters.JUnitReportReporter -->
<testsuite hostname="DESKTOP-U7KGGEJ" failures="0" tests="1" name="scripts.TestCase1" time="20.245" errors="0" timestamp="2022-05-03T17:39:00 IST" skipped="0">
  <testcase classname="scripts.TestCase1" name="tc1" time="20.245"/>
  <system-out/>
</testsuite> <!-- scripts.TestCase1 -->
